  battle.cpp
C:\Users\nickv\Desktop\CSCN71030-21W_BardoThomas\CSCN71030-21W_Bardo\Objects.h(178,11): warning C4473: 'scanf_s' : not enough arguments passed for format string
C:\Users\nickv\Desktop\CSCN71030-21W_BardoThomas\CSCN71030-21W_Bardo\Objects.h(178,11): message : placeholders and their parameters expect 2 variadic arguments, but 1 were provided
C:\Users\nickv\Desktop\CSCN71030-21W_BardoThomas\CSCN71030-21W_Bardo\Objects.h(178,11): message : the missing variadic argument 2 is required by format string '%c'
C:\Users\nickv\Desktop\CSCN71030-21W_BardoThomas\CSCN71030-21W_Bardo\Objects.h(178,11): message : this argument is used as a buffer size
C:\Users\nickv\Desktop\CSCN71030-21W_BardoThomas\CSCN71030-21W_Bardo\Objects.h(258,11): warning C4473: 'scanf_s' : not enough arguments passed for format string
C:\Users\nickv\Desktop\CSCN71030-21W_BardoThomas\CSCN71030-21W_Bardo\Objects.h(258,11): message : placeholders and their parameters expect 2 variadic arguments, but 1 were provided
C:\Users\nickv\Desktop\CSCN71030-21W_BardoThomas\CSCN71030-21W_Bardo\Objects.h(258,11): message : the missing variadic argument 2 is required by format string '%c'
C:\Users\nickv\Desktop\CSCN71030-21W_BardoThomas\CSCN71030-21W_Bardo\Objects.h(258,11): message : this argument is used as a buffer size
C:\Users\nickv\Desktop\CSCN71030-21W_BardoThomas\CSCN71030-21W_Bardo\Psecurity.h(82,1): warning C4554: '|': check operator precedence for possible error; use parentheses to clarify precedence
C:\Users\nickv\Desktop\CSCN71030-21W_BardoThomas\CSCN71030-21W_Bardo\Psecurity.h(111,1): warning C4554: '|': check operator precedence for possible error; use parentheses to clarify precedence
C:\Users\nickv\Desktop\CSCN71030-21W_BardoThomas\CSCN71030-21W_Bardo\battle.cpp(15,11): warning C4473: 'scanf_s' : not enough arguments passed for format string
C:\Users\nickv\Desktop\CSCN71030-21W_BardoThomas\CSCN71030-21W_Bardo\battle.cpp(15,11): message : placeholders and their parameters expect 2 variadic arguments, but 1 were provided
C:\Users\nickv\Desktop\CSCN71030-21W_BardoThomas\CSCN71030-21W_Bardo\battle.cpp(15,11): message : the missing variadic argument 2 is required by format string '%c'
C:\Users\nickv\Desktop\CSCN71030-21W_BardoThomas\CSCN71030-21W_Bardo\battle.cpp(15,11): message : this argument is used as a buffer size
  BattleModule.cpp
C:\Users\nickv\Desktop\CSCN71030-21W_BardoThomas\CSCN71030-21W_Bardo\Objects.h(178,11): warning C4473: 'scanf_s' : not enough arguments passed for format string
C:\Users\nickv\Desktop\CSCN71030-21W_BardoThomas\CSCN71030-21W_Bardo\Objects.h(178,11): message : placeholders and their parameters expect 2 variadic arguments, but 1 were provided
C:\Users\nickv\Desktop\CSCN71030-21W_BardoThomas\CSCN71030-21W_Bardo\Objects.h(178,11): message : the missing variadic argument 2 is required by format string '%c'
C:\Users\nickv\Desktop\CSCN71030-21W_BardoThomas\CSCN71030-21W_Bardo\Objects.h(178,11): message : this argument is used as a buffer size
C:\Users\nickv\Desktop\CSCN71030-21W_BardoThomas\CSCN71030-21W_Bardo\Objects.h(258,11): warning C4473: 'scanf_s' : not enough arguments passed for format string
C:\Users\nickv\Desktop\CSCN71030-21W_BardoThomas\CSCN71030-21W_Bardo\Objects.h(258,11): message : placeholders and their parameters expect 2 variadic arguments, but 1 were provided
C:\Users\nickv\Desktop\CSCN71030-21W_BardoThomas\CSCN71030-21W_Bardo\Objects.h(258,11): message : the missing variadic argument 2 is required by format string '%c'
C:\Users\nickv\Desktop\CSCN71030-21W_BardoThomas\CSCN71030-21W_Bardo\Objects.h(258,11): message : this argument is used as a buffer size
C:\Users\nickv\Desktop\CSCN71030-21W_BardoThomas\CSCN71030-21W_Bardo\Psecurity.h(82,1): warning C4554: '|': check operator precedence for possible error; use parentheses to clarify precedence
C:\Users\nickv\Desktop\CSCN71030-21W_BardoThomas\CSCN71030-21W_Bardo\Psecurity.h(111,1): warning C4554: '|': check operator precedence for possible error; use parentheses to clarify precedence
  Character.cpp
C:\Users\nickv\Desktop\CSCN71030-21W_BardoThomas\CSCN71030-21W_Bardo\Objects.h(178,11): warning C4473: 'scanf_s' : not enough arguments passed for format string
C:\Users\nickv\Desktop\CSCN71030-21W_BardoThomas\CSCN71030-21W_Bardo\Objects.h(178,11): message : placeholders and their parameters expect 2 variadic arguments, but 1 were provided
C:\Users\nickv\Desktop\CSCN71030-21W_BardoThomas\CSCN71030-21W_Bardo\Objects.h(178,11): message : the missing variadic argument 2 is required by format string '%c'
C:\Users\nickv\Desktop\CSCN71030-21W_BardoThomas\CSCN71030-21W_Bardo\Objects.h(178,11): message : this argument is used as a buffer size
C:\Users\nickv\Desktop\CSCN71030-21W_BardoThomas\CSCN71030-21W_Bardo\Objects.h(258,11): warning C4473: 'scanf_s' : not enough arguments passed for format string
C:\Users\nickv\Desktop\CSCN71030-21W_BardoThomas\CSCN71030-21W_Bardo\Objects.h(258,11): message : placeholders and their parameters expect 2 variadic arguments, but 1 were provided
C:\Users\nickv\Desktop\CSCN71030-21W_BardoThomas\CSCN71030-21W_Bardo\Objects.h(258,11): message : the missing variadic argument 2 is required by format string '%c'
C:\Users\nickv\Desktop\CSCN71030-21W_BardoThomas\CSCN71030-21W_Bardo\Objects.h(258,11): message : this argument is used as a buffer size
C:\Users\nickv\Desktop\CSCN71030-21W_BardoThomas\CSCN71030-21W_Bardo\Psecurity.h(82,1): warning C4554: '|': check operator precedence for possible error; use parentheses to clarify precedence
C:\Users\nickv\Desktop\CSCN71030-21W_BardoThomas\CSCN71030-21W_Bardo\Psecurity.h(111,1): warning C4554: '|': check operator precedence for possible error; use parentheses to clarify precedence
  enemy.cpp
C:\Users\nickv\Desktop\CSCN71030-21W_BardoThomas\CSCN71030-21W_Bardo\Objects.h(178,11): warning C4473: 'scanf_s' : not enough arguments passed for format string
C:\Users\nickv\Desktop\CSCN71030-21W_BardoThomas\CSCN71030-21W_Bardo\Objects.h(178,11): message : placeholders and their parameters expect 2 variadic arguments, but 1 were provided
C:\Users\nickv\Desktop\CSCN71030-21W_BardoThomas\CSCN71030-21W_Bardo\Objects.h(178,11): message : the missing variadic argument 2 is required by format string '%c'
C:\Users\nickv\Desktop\CSCN71030-21W_BardoThomas\CSCN71030-21W_Bardo\Objects.h(178,11): message : this argument is used as a buffer size
C:\Users\nickv\Desktop\CSCN71030-21W_BardoThomas\CSCN71030-21W_Bardo\Objects.h(258,11): warning C4473: 'scanf_s' : not enough arguments passed for format string
C:\Users\nickv\Desktop\CSCN71030-21W_BardoThomas\CSCN71030-21W_Bardo\Objects.h(258,11): message : placeholders and their parameters expect 2 variadic arguments, but 1 were provided
C:\Users\nickv\Desktop\CSCN71030-21W_BardoThomas\CSCN71030-21W_Bardo\Objects.h(258,11): message : the missing variadic argument 2 is required by format string '%c'
C:\Users\nickv\Desktop\CSCN71030-21W_BardoThomas\CSCN71030-21W_Bardo\Objects.h(258,11): message : this argument is used as a buffer size
C:\Users\nickv\Desktop\CSCN71030-21W_BardoThomas\CSCN71030-21W_Bardo\Psecurity.h(82,1): warning C4554: '|': check operator precedence for possible error; use parentheses to clarify precedence
C:\Users\nickv\Desktop\CSCN71030-21W_BardoThomas\CSCN71030-21W_Bardo\Psecurity.h(111,1): warning C4554: '|': check operator precedence for possible error; use parentheses to clarify precedence
  ErrorChecking.cpp
  FileIO.cpp
C:\Users\nickv\Desktop\CSCN71030-21W_BardoThomas\CSCN71030-21W_Bardo\Objects.h(178,11): warning C4473: 'scanf_s' : not enough arguments passed for format string
C:\Users\nickv\Desktop\CSCN71030-21W_BardoThomas\CSCN71030-21W_Bardo\Objects.h(178,11): message : placeholders and their parameters expect 2 variadic arguments, but 1 were provided
C:\Users\nickv\Desktop\CSCN71030-21W_BardoThomas\CSCN71030-21W_Bardo\Objects.h(178,11): message : the missing variadic argument 2 is required by format string '%c'
C:\Users\nickv\Desktop\CSCN71030-21W_BardoThomas\CSCN71030-21W_Bardo\Objects.h(178,11): message : this argument is used as a buffer size
C:\Users\nickv\Desktop\CSCN71030-21W_BardoThomas\CSCN71030-21W_Bardo\Objects.h(258,11): warning C4473: 'scanf_s' : not enough arguments passed for format string
C:\Users\nickv\Desktop\CSCN71030-21W_BardoThomas\CSCN71030-21W_Bardo\Objects.h(258,11): message : placeholders and their parameters expect 2 variadic arguments, but 1 were provided
C:\Users\nickv\Desktop\CSCN71030-21W_BardoThomas\CSCN71030-21W_Bardo\Objects.h(258,11): message : the missing variadic argument 2 is required by format string '%c'
C:\Users\nickv\Desktop\CSCN71030-21W_BardoThomas\CSCN71030-21W_Bardo\Objects.h(258,11): message : this argument is used as a buffer size
C:\Users\nickv\Desktop\CSCN71030-21W_BardoThomas\CSCN71030-21W_Bardo\FileIO.cpp(635,21): warning C4156: deletion of an array expression without using the array form of 'delete'; array form substituted
C:\Users\nickv\Desktop\CSCN71030-21W_BardoThomas\CSCN71030-21W_Bardo\FileIO.cpp(635,21): warning C4154: deletion of an array expression; conversion to pointer supplied
  player.cpp
C:\Users\nickv\Desktop\CSCN71030-21W_BardoThomas\CSCN71030-21W_Bardo\Objects.h(178,11): warning C4473: 'scanf_s' : not enough arguments passed for format string
C:\Users\nickv\Desktop\CSCN71030-21W_BardoThomas\CSCN71030-21W_Bardo\Objects.h(178,11): message : placeholders and their parameters expect 2 variadic arguments, but 1 were provided
C:\Users\nickv\Desktop\CSCN71030-21W_BardoThomas\CSCN71030-21W_Bardo\Objects.h(178,11): message : the missing variadic argument 2 is required by format string '%c'
C:\Users\nickv\Desktop\CSCN71030-21W_BardoThomas\CSCN71030-21W_Bardo\Objects.h(178,11): message : this argument is used as a buffer size
C:\Users\nickv\Desktop\CSCN71030-21W_BardoThomas\CSCN71030-21W_Bardo\Objects.h(258,11): warning C4473: 'scanf_s' : not enough arguments passed for format string
C:\Users\nickv\Desktop\CSCN71030-21W_BardoThomas\CSCN71030-21W_Bardo\Objects.h(258,11): message : placeholders and their parameters expect 2 variadic arguments, but 1 were provided
C:\Users\nickv\Desktop\CSCN71030-21W_BardoThomas\CSCN71030-21W_Bardo\Objects.h(258,11): message : the missing variadic argument 2 is required by format string '%c'
C:\Users\nickv\Desktop\CSCN71030-21W_BardoThomas\CSCN71030-21W_Bardo\Objects.h(258,11): message : this argument is used as a buffer size
C:\Users\nickv\Desktop\CSCN71030-21W_BardoThomas\CSCN71030-21W_Bardo\Psecurity.h(82,1): warning C4554: '|': check operator precedence for possible error; use parentheses to clarify precedence
C:\Users\nickv\Desktop\CSCN71030-21W_BardoThomas\CSCN71030-21W_Bardo\Psecurity.h(111,1): warning C4554: '|': check operator precedence for possible error; use parentheses to clarify precedence
  Psecurity.cpp
C:\Users\nickv\Desktop\CSCN71030-21W_BardoThomas\CSCN71030-21W_Bardo\Objects.h(178,11): warning C4473: 'scanf_s' : not enough arguments passed for format string
C:\Users\nickv\Desktop\CSCN71030-21W_BardoThomas\CSCN71030-21W_Bardo\Objects.h(178,11): message : placeholders and their parameters expect 2 variadic arguments, but 1 were provided
C:\Users\nickv\Desktop\CSCN71030-21W_BardoThomas\CSCN71030-21W_Bardo\Objects.h(178,11): message : the missing variadic argument 2 is required by format string '%c'
C:\Users\nickv\Desktop\CSCN71030-21W_BardoThomas\CSCN71030-21W_Bardo\Objects.h(178,11): message : this argument is used as a buffer size
C:\Users\nickv\Desktop\CSCN71030-21W_BardoThomas\CSCN71030-21W_Bardo\Objects.h(258,11): warning C4473: 'scanf_s' : not enough arguments passed for format string
C:\Users\nickv\Desktop\CSCN71030-21W_BardoThomas\CSCN71030-21W_Bardo\Objects.h(258,11): message : placeholders and their parameters expect 2 variadic arguments, but 1 were provided
C:\Users\nickv\Desktop\CSCN71030-21W_BardoThomas\CSCN71030-21W_Bardo\Objects.h(258,11): message : the missing variadic argument 2 is required by format string '%c'
C:\Users\nickv\Desktop\CSCN71030-21W_BardoThomas\CSCN71030-21W_Bardo\Objects.h(258,11): message : this argument is used as a buffer size
C:\Users\nickv\Desktop\CSCN71030-21W_BardoThomas\CSCN71030-21W_Bardo\PSecurity.h(82,1): warning C4554: '|': check operator precedence for possible error; use parentheses to clarify precedence
C:\Users\nickv\Desktop\CSCN71030-21W_BardoThomas\CSCN71030-21W_Bardo\PSecurity.h(111,1): warning C4554: '|': check operator precedence for possible error; use parentheses to clarify precedence
  Source.cpp
C:\Users\nickv\Desktop\CSCN71030-21W_BardoThomas\CSCN71030-21W_Bardo\Objects.h(178,11): warning C4473: 'scanf_s' : not enough arguments passed for format string
C:\Users\nickv\Desktop\CSCN71030-21W_BardoThomas\CSCN71030-21W_Bardo\Objects.h(178,11): message : placeholders and their parameters expect 2 variadic arguments, but 1 were provided
C:\Users\nickv\Desktop\CSCN71030-21W_BardoThomas\CSCN71030-21W_Bardo\Objects.h(178,11): message : the missing variadic argument 2 is required by format string '%c'
C:\Users\nickv\Desktop\CSCN71030-21W_BardoThomas\CSCN71030-21W_Bardo\Objects.h(178,11): message : this argument is used as a buffer size
C:\Users\nickv\Desktop\CSCN71030-21W_BardoThomas\CSCN71030-21W_Bardo\Objects.h(258,11): warning C4473: 'scanf_s' : not enough arguments passed for format string
C:\Users\nickv\Desktop\CSCN71030-21W_BardoThomas\CSCN71030-21W_Bardo\Objects.h(258,11): message : placeholders and their parameters expect 2 variadic arguments, but 1 were provided
C:\Users\nickv\Desktop\CSCN71030-21W_BardoThomas\CSCN71030-21W_Bardo\Objects.h(258,11): message : the missing variadic argument 2 is required by format string '%c'
C:\Users\nickv\Desktop\CSCN71030-21W_BardoThomas\CSCN71030-21W_Bardo\Objects.h(258,11): message : this argument is used as a buffer size
C:\Users\nickv\Desktop\CSCN71030-21W_BardoThomas\CSCN71030-21W_Bardo\Psecurity.h(82,1): warning C4554: '|': check operator precedence for possible error; use parentheses to clarify precedence
C:\Users\nickv\Desktop\CSCN71030-21W_BardoThomas\CSCN71030-21W_Bardo\Psecurity.h(111,1): warning C4554: '|': check operator precedence for possible error; use parentheses to clarify precedence
  Generating Code...
C:\Users\nickv\Desktop\CSCN71030-21W_BardoThomas\CSCN71030-21W_Bardo\Character.cpp(56): warning C4715: 'startMenu': not all control paths return a value
C:\Users\nickv\Desktop\CSCN71030-21W_BardoThomas\CSCN71030-21W_Bardo\Character.cpp(527): warning C4715: 'defaultConfirmation': not all control paths return a value
  CSCN71030-21W_Bardo.vcxproj -> C:\Users\nickv\Desktop\CSCN71030-21W_BardoThomas\x64\Debug\CSCN71030-21W_Bardo.exe
