c:\users\dom17\desktop\new folder\cscn71030-21w_bardo\cscn71030-21w_bardo\x64\debug\vc142.pdb
c:\users\dom17\desktop\new folder\cscn71030-21w_bardo\cscn71030-21w_bardo\x64\debug\vc142.idb
c:\users\dom17\desktop\new folder\cscn71030-21w_bardo\cscn71030-21w_bardo\x64\debug\shop.obj
c:\users\dom17\desktop\new folder\cscn71030-21w_bardo\cscn71030-21w_bardo\x64\debug\potiondealer.obj
c:\users\dom17\desktop\new folder\cscn71030-21w_bardo\cscn71030-21w_bardo\x64\debug\otherfunctions.obj
c:\users\dom17\desktop\new folder\cscn71030-21w_bardo\cscn71030-21w_bardo\x64\debug\itemdealer.obj
c:\users\dom17\desktop\new folder\cscn71030-21w_bardo\cscn71030-21w_bardo\x64\debug\dealer.obj
c:\users\dom17\desktop\new folder\cscn71030-21w_bardo\cscn71030-21w_bardo\x64\debug\fileio.obj
c:\users\dom17\desktop\new folder\cscn71030-21w_bardo\cscn71030-21w_bardo\x64\debug\defencedealer.obj
c:\users\dom17\desktop\new folder\cscn71030-21w_bardo\cscn71030-21w_bardo\x64\debug\player.obj
c:\users\dom17\desktop\new folder\cscn71030-21w_bardo\cscn71030-21w_bardo\x64\debug\enemy.obj
c:\users\dom17\desktop\new folder\cscn71030-21w_bardo\cscn71030-21w_bardo\x64\debug\character.obj
c:\users\dom17\desktop\new folder\cscn71030-21w_bardo\cscn71030-21w_bardo\x64\debug\battlemodule.obj
c:\users\dom17\desktop\new folder\cscn71030-21w_bardo\cscn71030-21w_bardo\x64\debug\battle.obj
c:\users\dom17\desktop\new folder\cscn71030-21w_bardo\cscn71030-21w_bardo\x64\debug\startermenu.obj
c:\users\dom17\desktop\new folder\cscn71030-21w_bardo\cscn71030-21w_bardo\x64\debug\seeinventory.obj
c:\users\dom17\desktop\new folder\cscn71030-21w_bardo\cscn71030-21w_bardo\x64\debug\crafting.obj
c:\users\dom17\desktop\new folder\cscn71030-21w_bardo\cscn71030-21w_bardo\x64\debug\by_type.obj
c:\users\dom17\desktop\new folder\cscn71030-21w_bardo\cscn71030-21w_bardo\x64\debug\by_search.obj
c:\users\dom17\desktop\new folder\cscn71030-21w_bardo\cscn71030-21w_bardo\x64\debug\weaponsdealer.obj
c:\users\dom17\desktop\new folder\cscn71030-21w_bardo\cscn71030-21w_bardo\x64\debug\source.obj
c:\users\dom17\desktop\new folder\cscn71030-21w_bardo\cscn71030-21w_bardo\x64\debug\skilltree.obj
c:\users\dom17\desktop\new folder\cscn71030-21w_bardo\cscn71030-21w_bardo\x64\debug\psecurity.obj
c:\users\dom17\desktop\new folder\cscn71030-21w_bardo\cscn71030-21w_bardo\x64\debug\errorchecking.obj
c:\users\dom17\desktop\new folder\cscn71030-21w_bardo\cscn71030-21w_bardo\x64\debug\craftitem.obj
c:\users\dom17\desktop\new folder\cscn71030-21w_bardo\cscn71030-21w_bardo\x64\debug\cscn7103.1cadd737.tlog\cl.command.1.tlog
c:\users\dom17\desktop\new folder\cscn71030-21w_bardo\cscn71030-21w_bardo\x64\debug\cscn7103.1cadd737.tlog\cl.read.1.tlog
c:\users\dom17\desktop\new folder\cscn71030-21w_bardo\cscn71030-21w_bardo\x64\debug\cscn7103.1cadd737.tlog\cl.write.1.tlog
